<?xml version="1.0" encoding="UTF-8"?>
<testng-results skipped="0" failed="1" total="4" passed="3">
  <reporter-output>
  </reporter-output>
  <suite name="Suite1" duration-ms="41313" started-at="2016-01-19T11:34:10Z" finished-at="2016-01-19T11:34:51Z">
    <groups>
    </groups>
    <test name="22_0444C" duration-ms="3936" started-at="2016-01-19T11:34:10Z" finished-at="2016-01-19T11:34:14Z">
      <class name="db.tests.CheckLastSession">
        <test-method status="PASS" signature="init()[pri:0, instance:db.tests.CheckLastSession@b97c004]" name="init" is-config="true" duration-ms="551" started-at="2016-01-19T14:34:10Z" finished-at="2016-01-19T14:34:10Z">
          <reporter-output>
          </reporter-output>
        </test-method> <!-- init -->
        <test-method status="PASS" signature="testUntitled()[pri:0, instance:db.tests.CheckLastSession@b97c004]" name="testUntitled" duration-ms="3377" started-at="2016-01-19T14:34:10Z" finished-at="2016-01-19T14:34:14Z">
          <reporter-output>
          </reporter-output>
        </test-method> <!-- testUntitled -->
        <test-method status="PASS" signature="stop()[pri:0, instance:db.tests.CheckLastSession@b97c004]" name="stop" is-config="true" duration-ms="0" started-at="2016-01-19T14:34:14Z" finished-at="2016-01-19T14:34:14Z">
          <reporter-output>
          </reporter-output>
        </test-method> <!-- stop -->
      </class> <!-- db.tests.CheckLastSession -->
    </test> <!-- 22_0444C -->
    <test name="22_0444O" duration-ms="22906" started-at="2016-01-19T11:34:14Z" finished-at="2016-01-19T11:34:37Z">
      <class name="db.tests.OpenSession">
        <test-method status="PASS" signature="init()[pri:0, instance:db.tests.OpenSession@5851bd4f]" name="init" is-config="true" duration-ms="454" started-at="2016-01-19T14:34:14Z" finished-at="2016-01-19T14:34:14Z">
          <reporter-output>
          </reporter-output>
        </test-method> <!-- init -->
        <test-method status="PASS" signature="testUntitled()[pri:0, instance:db.tests.OpenSession@5851bd4f]" name="testUntitled" duration-ms="22451" started-at="2016-01-19T14:34:14Z" finished-at="2016-01-19T14:34:37Z">
          <reporter-output>
          </reporter-output>
        </test-method> <!-- testUntitled -->
        <test-method status="PASS" signature="stop()[pri:0, instance:db.tests.OpenSession@5851bd4f]" name="stop" is-config="true" duration-ms="0" started-at="2016-01-19T14:34:37Z" finished-at="2016-01-19T14:34:37Z">
          <reporter-output>
          </reporter-output>
        </test-method> <!-- stop -->
      </class> <!-- db.tests.OpenSession -->
    </test> <!-- 22_0444O -->
    <test name="22_0444Cl" duration-ms="2321" started-at="2016-01-19T11:34:37Z" finished-at="2016-01-19T11:34:39Z">
      <class name="db.tests.CloseSession">
        <test-method status="PASS" signature="init()[pri:0, instance:db.tests.CloseSession@4cc36c19]" name="init" is-config="true" duration-ms="1685" started-at="2016-01-19T14:34:37Z" finished-at="2016-01-19T14:34:38Z">
          <reporter-output>
          </reporter-output>
        </test-method> <!-- init -->
        <test-method status="PASS" signature="testUntitled()[pri:0, instance:db.tests.CloseSession@4cc36c19]" name="testUntitled" duration-ms="636" started-at="2016-01-19T14:34:38Z" finished-at="2016-01-19T14:34:39Z">
          <reporter-output>
          </reporter-output>
        </test-method> <!-- testUntitled -->
        <test-method status="PASS" signature="stop()[pri:0, instance:db.tests.CloseSession@4cc36c19]" name="stop" is-config="true" duration-ms="0" started-at="2016-01-19T14:34:39Z" finished-at="2016-01-19T14:34:39Z">
          <reporter-output>
          </reporter-output>
        </test-method> <!-- stop -->
      </class> <!-- db.tests.CloseSession -->
    </test> <!-- 22_0444Cl -->
    <test name="22_0444I" duration-ms="12130" started-at="2016-01-19T11:34:39Z" finished-at="2016-01-19T11:34:51Z">
      <class name="db.tests.IsSessionClosed">
        <test-method status="PASS" signature="login()[pri:0, instance:db.tests.IsSessionClosed@47be0f9b]" name="login" is-config="true" duration-ms="12050" started-at="2016-01-19T14:33:58Z" finished-at="2016-01-19T14:34:10Z">
          <reporter-output>
          </reporter-output>
        </test-method> <!-- login -->
        <test-method status="PASS" signature="init()[pri:0, instance:db.tests.IsSessionClosed@47be0f9b]" name="init" is-config="true" duration-ms="810" started-at="2016-01-19T14:34:39Z" finished-at="2016-01-19T14:34:40Z">
          <reporter-output>
          </reporter-output>
        </test-method> <!-- init -->
        <test-method status="FAIL" signature="testUntitled()[pri:0, instance:db.tests.IsSessionClosed@47be0f9b]" name="testUntitled" duration-ms="11305" started-at="2016-01-19T14:34:40Z" finished-at="2016-01-19T14:34:51Z">
          <exception class="org.openqa.selenium.NoSuchElementException">
            <message>
              <![CDATA[Timed out after 10 seconds. Unable to locate the element
For documentation on this error, please visit: http://seleniumhq.org/exceptions/no_such_element.html
Build info: version: '2.47.1', revision: 'unknown', time: '2015-07-30 11:02:44'
System info: host: 'dancobygro0020', ip: '192.168.163.1', os.name: 'Windows 8.1', os.arch: 'amd64', os.version: '6.3', java.version: '1.8.0_65'
Driver info: driver.version: unknown]]>
            </message>
            <full-stacktrace>
              <![CDATA[org.openqa.selenium.NoSuchElementException: Timed out after 10 seconds. Unable to locate the element
For documentation on this error, please visit: http://seleniumhq.org/exceptions/no_such_element.html
Build info: version: '2.47.1', revision: 'unknown', time: '2015-07-30 11:02:44'
System info: host: 'dancobygro0020', ip: '192.168.163.1', os.name: 'Windows 8.1', os.arch: 'amd64', os.version: '6.3', java.version: '1.8.0_65'
Driver info: driver.version: unknown
	at org.openqa.selenium.support.pagefactory.AjaxElementLocator.findElement(AjaxElementLocator.java:89)
	at org.openqa.selenium.support.pagefactory.internal.LocatingElementHandler.invoke(LocatingElementHandler.java:38)
	at com.sun.proxy.$Proxy16.getText(Unknown Source)
	at com.danco.bpc.pages.SessionPage.getSessionTe(SessionPage.java:93)
	at com.danco.bpc.applogic2.SessionHelper2.getAllParameterSession(SessionHelper2.java:72)
	at db.tests.IsSessionClosed.testUntitled(IsSessionClosed.java:20)
	at sun.reflect.NativeMethodAccessorImpl.invoke0(Native Method)
	at sun.reflect.NativeMethodAccessorImpl.invoke(Unknown Source)
	at sun.reflect.DelegatingMethodAccessorImpl.invoke(Unknown Source)
	at java.lang.reflect.Method.invoke(Unknown Source)
	at org.testng.internal.MethodInvocationHelper.invokeMethod(MethodInvocationHelper.java:86)
	at org.testng.internal.Invoker.invokeMethod(Invoker.java:643)
	at org.testng.internal.Invoker.invokeTestMethod(Invoker.java:820)
	at org.testng.internal.Invoker.invokeTestMethods(Invoker.java:1128)
	at org.testng.internal.TestMethodWorker.invokeTestMethods(TestMethodWorker.java:129)
	at org.testng.internal.TestMethodWorker.run(TestMethodWorker.java:112)
	at org.testng.TestRunner.privateRun(TestRunner.java:782)
	at org.testng.TestRunner.run(TestRunner.java:632)
	at org.testng.SuiteRunner.runTest(SuiteRunner.java:366)
	at org.testng.SuiteRunner.runSequentially(SuiteRunner.java:361)
	at org.testng.SuiteRunner.privateRun(SuiteRunner.java:319)
	at org.testng.SuiteRunner.run(SuiteRunner.java:268)
	at org.testng.SuiteRunnerWorker.runSuite(SuiteRunnerWorker.java:52)
	at org.testng.SuiteRunnerWorker.run(SuiteRunnerWorker.java:86)
	at org.testng.TestNG.runSuitesSequentially(TestNG.java:1244)
	at org.testng.TestNG.runSuitesLocally(TestNG.java:1169)
	at org.testng.TestNG.run(TestNG.java:1064)
	at org.testng.remote.RemoteTestNG.run(RemoteTestNG.java:113)
	at org.testng.remote.RemoteTestNG.initAndRun(RemoteTestNG.java:206)
	at org.testng.remote.RemoteTestNG.main(RemoteTestNG.java:177)
Caused by: org.openqa.selenium.NoSuchElementException: no such element: Unable to locate element: {"method":"xpath","selector":"//*[@id='SessionDatatableForm:sessions_data']/tr[1]/td[9]/span"}
  (Session info: chrome=47.0.2526.111)
  (Driver info: chromedriver=2.20.353145 (343b531d31eeb933ec778dbcf7081628a1396067),platform=Windows NT 6.3 x86_64) (WARNING: The server did not provide any stacktrace information)
Command duration or timeout: 16 milliseconds
For documentation on this error, please visit: http://seleniumhq.org/exceptions/no_such_element.html
Build info: version: '2.47.1', revision: 'unknown', time: '2015-07-30 11:02:44'
System info: host: 'dancobygro0020', ip: '192.168.163.1', os.name: 'Windows 8.1', os.arch: 'amd64', os.version: '6.3', java.version: '1.8.0_65'
Driver info: org.openqa.selenium.chrome.ChromeDriver
Capabilities [{applicationCacheEnabled=false, rotatable=false, mobileEmulationEnabled=false, chrome={userDataDir=C:\Users\DZIANI~1\AppData\Local\Temp\scoped_dir8080_2839}, takesHeapSnapshot=true, databaseEnabled=false, handlesAlerts=true, hasTouchScreen=false, version=47.0.2526.111, platform=WIN8_1, browserConnectionEnabled=false, nativeEvents=true, acceptSslCerts=true, locationContextEnabled=true, webStorageEnabled=true, browserName=chrome, takesScreenshot=true, javascriptEnabled=true, cssSelectorsEnabled=true}]
Session ID: 662a8728227677fca5a14bcb57980cff
*** Element info: {Using=xpath, value=//*[@id='SessionDatatableForm:sessions_data']/tr[1]/td[9]/span}
	at sun.reflect.GeneratedConstructorAccessor17.newInstance(Unknown Source)
	at sun.reflect.DelegatingConstructorAccessorImpl.newInstance(Unknown Source)
	at java.lang.reflect.Constructor.newInstance(Unknown Source)
	at org.openqa.selenium.remote.ErrorHandler.createThrowable(ErrorHandler.java:206)
	at org.openqa.selenium.remote.ErrorHandler.throwIfResponseFailed(ErrorHandler.java:158)
	at org.openqa.selenium.remote.RemoteWebDriver.execute(RemoteWebDriver.java:595)
	at org.openqa.selenium.remote.RemoteWebDriver.findElement(RemoteWebDriver.java:348)
	at org.openqa.selenium.remote.RemoteWebDriver.findElementByXPath(RemoteWebDriver.java:445)
	at org.openqa.selenium.By$ByXPath.findElement(By.java:358)
	at org.openqa.selenium.remote.RemoteWebDriver.findElement(RemoteWebDriver.java:340)
	at org.openqa.selenium.support.pagefactory.DefaultElementLocator.findElement(DefaultElementLocator.java:69)
	at org.openqa.selenium.support.pagefactory.AjaxElementLocator.access$001(AjaxElementLocator.java:41)
	at org.openqa.selenium.support.pagefactory.AjaxElementLocator$SlowLoadingElement.isLoaded(AjaxElementLocator.java:157)
	at org.openqa.selenium.support.ui.SlowLoadableComponent.get(SlowLoadableComponent.java:70)
	at org.openqa.selenium.support.pagefactory.AjaxElementLocator.findElement(AjaxElementLocator.java:87)
	... 29 more
]]>
            </full-stacktrace>
          </exception> <!-- org.openqa.selenium.NoSuchElementException -->
          <reporter-output>
          </reporter-output>
        </test-method> <!-- testUntitled -->
        <test-method status="PASS" signature="stop()[pri:0, instance:db.tests.IsSessionClosed@47be0f9b]" name="stop" is-config="true" duration-ms="0" started-at="2016-01-19T14:34:51Z" finished-at="2016-01-19T14:34:51Z">
          <reporter-output>
          </reporter-output>
        </test-method> <!-- stop -->
        <test-method status="PASS" signature="logout()[pri:0, instance:db.tests.IsSessionClosed@47be0f9b]" name="logout" is-config="true" duration-ms="2516" started-at="2016-01-19T14:34:51Z" finished-at="2016-01-19T14:34:54Z">
          <reporter-output>
          </reporter-output>
        </test-method> <!-- logout -->
      </class> <!-- db.tests.IsSessionClosed -->
    </test> <!-- 22_0444I -->
  </suite> <!-- Suite1 -->
</testng-results>
