<?xml version="1.0" encoding="UTF-8"?>
<!-- Generated by org.testng.reporters.JUnitXMLReporter -->
<testsuite hostname="dancobygro0020" name="TestDB" tests="1" failures="0" timestamp="13 Jan 2016 14:35:55 GMT" time="0.093" errors="0">
  <testcase name="@BeforeClass init" time="0.0" classname="db.tests.TestDB">
    <failure type="java.lang.IllegalStateException" message="The path to the driver executable must be set by the webdriver.chrome.driver system property; for more information, see https://github.com/SeleniumHQ/selenium/wiki/ChromeDriver. The latest version can be downloaded from http://chromedriver.storage.googleapis.com/index.html">
      <![CDATA[java.lang.IllegalStateException: The path to the driver executable must be set by the webdriver.chrome.driver system property; for more information, see https://github.com/SeleniumHQ/selenium/wiki/ChromeDriver. The latest version can be downloaded from http://chromedriver.storage.googleapis.com/index.html
	at com.google.common.base.Preconditions.checkState(Preconditions.java:197)
	at org.openqa.selenium.remote.service.DriverService.findExecutable(DriverService.java:109)
	at org.openqa.selenium.chrome.ChromeDriverService.access$000(ChromeDriverService.java:32)
	at org.openqa.selenium.chrome.ChromeDriverService$Builder.findDefaultExecutable(ChromeDriverService.java:137)
	at org.openqa.selenium.remote.service.DriverService$Builder.build(DriverService.java:290)
	at org.openqa.selenium.chrome.ChromeDriverService.createDefaultService(ChromeDriverService.java:88)
	at org.openqa.selenium.chrome.ChromeDriver.<init>(ChromeDriver.java:116)
	at denis.trening.webdriver.WebDriverFactory.getInstance(WebDriverFactory.java:147)
	at denis.trening.webdriver.WebDriverFactory.getInstance(WebDriverFactory.java:74)
	at denis.trening.applogic2.ApplicationManager2.<init>(ApplicationManager2.java:34)
	at pages.TestBase.init(TestBase.java:18)
... Removed 24 stack frames]]>
    </failure>
  </testcase> <!-- @BeforeClass init -->
  <testcase name="testUntitled" time="0.001" classname="db.tests.TestDB">
    <skipped/>
  </testcase> <!-- testUntitled -->
</testsuite> <!-- TestDB -->
