<!DOCTYPE html PUBLIC "-//W3C//DTD XHTML 1.1//EN" "http://www.w3.org/TR/xhtml11/DTD/xhtml11.dtd">
<html xmlns="http://www.w3.org/1999/xhtml"><head><title>TestNG Report</title><style type="text/css">table {margin-bottom:10px;border-collapse:collapse;empty-cells:show}th,td {border:1px solid #009;padding:.25em .5em}th {vertical-align:bottom}td {vertical-align:top}table a {font-weight:bold}.stripe td {background-color: #E6EBF9}.num {text-align:right}.passedodd td {background-color: #3F3}.passedeven td {background-color: #0A0}.skippedodd td {background-color: #DDD}.skippedeven td {background-color: #CCC}.failedodd td,.attn {background-color: #F33}.failedeven td,.stripe .attn {background-color: #D00}.stacktrace {white-space:pre;font-family:monospace}.totop {font-size:85%;text-align:center;border-bottom:2px solid #000}</style></head><body><table><tr><th>Test</th><th># Passed</th><th># Skipped</th><th># Failed</th><th>Time (ms)</th><th>Included Groups</th><th>Excluded Groups</th></tr><tr><th colspan="7">Suite1</th></tr><tr><td><a href="#t0">22_0444C</a></td><td class="num">1</td><td class="num">0</td><td class="num">0</td><td class="num">3,936</td><td></td><td></td></tr><tr class="stripe"><td><a href="#t1">22_0444O</a></td><td class="num">1</td><td class="num">0</td><td class="num">0</td><td class="num">22,906</td><td></td><td></td></tr><tr><td><a href="#t2">22_0444Cl</a></td><td class="num">1</td><td class="num">0</td><td class="num">0</td><td class="num">2,321</td><td></td><td></td></tr><tr class="stripe"><td><a href="#t3">22_0444I</a></td><td class="num">0</td><td class="num">0</td><td class="num attn">1</td><td class="num">12,130</td><td></td><td></td></tr><tr><th>Total</th><th class="num">3</th><th class="num">0</th><th class="num attn">1</th><th class="num">41,293</th><th colspan="2"></th></tr></table><table><thead><tr><th>Class</th><th>Method</th><th>Start</th><th>Time (ms)</th></tr></thead><tbody><tr><th colspan="4">Suite1</th></tr></tbody><tbody id="t0"><tr><th colspan="4">22_0444C &#8212; passed</th></tr><tr class="passedeven"><td rowspan="1">db.tests.CheckLastSession</td><td><a href="#m0">testUntitled</a></td><td rowspan="1">1453203250753</td><td rowspan="1">3377</td></tr></tbody><tbody id="t1"><tr><th colspan="4">22_0444O &#8212; passed</th></tr><tr class="passedeven"><td rowspan="1">db.tests.OpenSession</td><td><a href="#m1">testUntitled</a></td><td rowspan="1">1453203254594</td><td rowspan="1">22451</td></tr></tbody><tbody id="t2"><tr><th colspan="4">22_0444Cl &#8212; passed</th></tr><tr class="passedeven"><td rowspan="1">db.tests.CloseSession</td><td><a href="#m2">testUntitled</a></td><td rowspan="1">1453203278730</td><td rowspan="1">636</td></tr></tbody><tbody id="t3"><tr><th colspan="4">22_0444I &#8212; failed</th></tr><tr class="failedeven"><td rowspan="1">db.tests.IsSessionClosed</td><td><a href="#m3">testUntitled</a></td><td rowspan="1">1453203280189</td><td rowspan="1">11305</td></tr></tbody></table><h2>22_0444C</h2><h3 id="m0">db.tests.CheckLastSession#testUntitled</h3><table class="result"></table><p class="totop"><a href="#summary">back to summary</a></p><h2>22_0444O</h2><h3 id="m1">db.tests.OpenSession#testUntitled</h3><table class="result"></table><p class="totop"><a href="#summary">back to summary</a></p><h2>22_0444Cl</h2><h3 id="m2">db.tests.CloseSession#testUntitled</h3><table class="result"></table><p class="totop"><a href="#summary">back to summary</a></p><h2>22_0444I</h2><h3 id="m3">db.tests.IsSessionClosed#testUntitled</h3><table class="result"><tr><th>Exception</th></tr><tr><td><div class="stacktrace">org.openqa.selenium.NoSuchElementException: Timed out after 10 seconds. Unable to locate the element
For documentation on this error, please visit: http://seleniumhq.org/exceptions/no_such_element.html
Build info: version: &apos;2.47.1&apos;, revision: &apos;unknown&apos;, time: &apos;2015-07-30 11:02:44&apos;
System info: host: &apos;dancobygro0020&apos;, ip: &apos;192.168.163.1&apos;, os.name: &apos;Windows 8.1&apos;, os.arch: &apos;amd64&apos;, os.version: &apos;6.3&apos;, java.version: &apos;1.8.0_65&apos;
Driver info: driver.version: unknown
	at org.openqa.selenium.support.pagefactory.AjaxElementLocator.findElement(AjaxElementLocator.java:89)
	at org.openqa.selenium.support.pagefactory.internal.LocatingElementHandler.invoke(LocatingElementHandler.java:38)
	at com.sun.proxy.$Proxy16.getText(Unknown Source)
	at com.danco.bpc.pages.SessionPage.getSessionTe(SessionPage.java:93)
	at com.danco.bpc.applogic2.SessionHelper2.getAllParameterSession(SessionHelper2.java:72)
	at db.tests.IsSessionClosed.testUntitled(IsSessionClosed.java:20)
Caused by: org.openqa.selenium.NoSuchElementException: no such element: Unable to locate element: {&quot;method&quot;:&quot;xpath&quot;,&quot;selector&quot;:&quot;//*[@id=&apos;SessionDatatableForm:sessions_data&apos;]/tr[1]/td[9]/span&quot;}
  (Session info: chrome=47.0.2526.111)
  (Driver info: chromedriver=2.20.353145 (343b531d31eeb933ec778dbcf7081628a1396067),platform=Windows NT 6.3 x86_64) (WARNING: The server did not provide any stacktrace information)
Command duration or timeout: 16 milliseconds
For documentation on this error, please visit: http://seleniumhq.org/exceptions/no_such_element.html
Build info: version: &apos;2.47.1&apos;, revision: &apos;unknown&apos;, time: &apos;2015-07-30 11:02:44&apos;
System info: host: &apos;dancobygro0020&apos;, ip: &apos;192.168.163.1&apos;, os.name: &apos;Windows 8.1&apos;, os.arch: &apos;amd64&apos;, os.version: &apos;6.3&apos;, java.version: &apos;1.8.0_65&apos;
Driver info: org.openqa.selenium.chrome.ChromeDriver
Capabilities [{applicationCacheEnabled=false, rotatable=false, mobileEmulationEnabled=false, chrome={userDataDir=C:\Users\DZIANI~1\AppData\Local\Temp\scoped_dir8080_2839}, takesHeapSnapshot=true, databaseEnabled=false, handlesAlerts=true, hasTouchScreen=false, version=47.0.2526.111, platform=WIN8_1, browserConnectionEnabled=false, nativeEvents=true, acceptSslCerts=true, locationContextEnabled=true, webStorageEnabled=true, browserName=chrome, takesScreenshot=true, javascriptEnabled=true, cssSelectorsEnabled=true}]
Session ID: 662a8728227677fca5a14bcb57980cff
*** Element info: {Using=xpath, value=//*[@id=&apos;SessionDatatableForm:sessions_data&apos;]/tr[1]/td[9]/span}
	at org.openqa.selenium.remote.ErrorHandler.createThrowable(ErrorHandler.java:206)
	at org.openqa.selenium.remote.ErrorHandler.throwIfResponseFailed(ErrorHandler.java:158)
	at org.openqa.selenium.remote.RemoteWebDriver.execute(RemoteWebDriver.java:595)
	at org.openqa.selenium.remote.RemoteWebDriver.findElement(RemoteWebDriver.java:348)
	at org.openqa.selenium.remote.RemoteWebDriver.findElementByXPath(RemoteWebDriver.java:445)
	at org.openqa.selenium.By$ByXPath.findElement(By.java:358)
	at org.openqa.selenium.remote.RemoteWebDriver.findElement(RemoteWebDriver.java:340)
	at org.openqa.selenium.support.pagefactory.DefaultElementLocator.findElement(DefaultElementLocator.java:69)
	at org.openqa.selenium.support.pagefactory.AjaxElementLocator.access$001(AjaxElementLocator.java:41)
	at org.openqa.selenium.support.pagefactory.AjaxElementLocator$SlowLoadingElement.isLoaded(AjaxElementLocator.java:157)
	at org.openqa.selenium.support.ui.SlowLoadableComponent.get(SlowLoadableComponent.java:70)
	at org.openqa.selenium.support.pagefactory.AjaxElementLocator.findElement(AjaxElementLocator.java:87)
	... 29 more
... Removed 27 stack frames</div></td></tr></table><p class="totop"><a href="#summary">back to summary</a></p></body></html>